生成启动时间为 2016/6/5 23:39:36。
     1>项目“C:\Users\Jianting\Desktop\编程\Calculator\Calculator\Calculator.vcxproj”在节点 2 上(Build 个目标)。
     1>ClCompile:
         E:\VS2015\VC\bin\CL.exe /c /ZI /nologo /W3 /WX- /sdl /Od /Oy- /D WIN32 /D _WINDOWS /D _DEBUG /D _UNICODE /D UNICODE /Gm /EHsc /RTC1 /MT /GS /fp:precise /Zc:wchar_t /Zc:forScope /Zc:inline /Yc"stdafx.h" /Fp"Debug\Calculator.pch" /Fo"Debug\\" /Fd"Debug\vc140.pdb" /Gd /TP /analyze- /errorReport:prompt stdafx.cpp
         stdafx.cpp
         E:\VS2015\VC\bin\CL.exe /c /ZI /nologo /W3 /WX- /sdl /Od /Oy- /D WIN32 /D _WINDOWS /D _DEBUG /D _UNICODE /D UNICODE /Gm /EHsc /RTC1 /MT /GS /fp:precise /Zc:wchar_t /Zc:forScope /Zc:inline /Yu"stdafx.h" /Fp"Debug\Calculator.pch" /Fo"Debug\\" /Fd"Debug\vc140.pdb" /Gd /TP /analyze- /errorReport:prompt Calculation.cpp Calculator.cpp CalculatorDlg.cpp Scan.cpp
         Scan.cpp
     1>c:\users\jianting\desktop\编程\calculator\calculator\scan.cpp(40): warning C4018: “<”: 有符号/无符号不匹配
         CalculatorDlg.cpp
         Calculator.cpp
         Calculation.cpp
         正在生成代码...
       Link:
         E:\VS2015\VC\bin\link.exe /ERRORREPORT:PROMPT /OUT:"C:\Users\Jianting\Desktop\编程\Calculator\Debug\Calculator.exe" /INCREMENTAL /NOLOGO /MANIFEST /MANIFESTUAC:"level='asInvoker' uiAccess='false'" /manifest:embed /manifestinput:E:\VS2015\VC\Include\Manifest\dpiaware.manifest /Debug /PDB:"C:\Users\Jianting\Desktop\编程\Calculator\Debug\Calculator.pdb" /SUBSYSTEM:WINDOWS /TLBID:1 /ENTRY:"wWinMainCRTStartup" /DYNAMICBASE /NXCOMPAT /IMPLIB:"C:\Users\Jianting\Desktop\编程\Calculator\Debug\Calculator.lib" /MACHINE:X86 Debug\Calculator.res
         Debug\Calculation.obj
         Debug\Calculator.obj
         Debug\CalculatorDlg.obj
         Debug\Scan.obj
         Debug\stdafx.obj
     1>LINK : warning LNK4098: 默认库“LIBCMT”与其他库的使用冲突；请使用 /NODEFAULTLIB:library
         Calculator.vcxproj -> C:\Users\Jianting\Desktop\编程\Calculator\Debug\Calculator.exe
     1>已完成生成项目“C:\Users\Jianting\Desktop\编程\Calculator\Calculator\Calculator.vcxproj”(Build 个目标)的操作。

已成功生成。

已用时间 00:00:06.68
